contrib/RideLogger/app/build/outputs/mapping/release/seeds.txt
com.ridelogger.R$drawable: int ic_launcher
com.ridelogger.R$id: int LayoutData
com.ridelogger.R$id: int Settings
com.ridelogger.R$id: int Start
com.ridelogger.R$id: int Stop
com.ridelogger.R$layout: int activity_dashboard
com.ridelogger.R$layout: int settings
com.ridelogger.R$menu: int start_activity
com.ridelogger.R$string: int PREFS_NAME
com.ridelogger.R$string: int PREF_DETECT_CRASH
com.ridelogger.R$string: int PREF_EMERGENCY_NUMBER
com.ridelogger.R$string: int PREF_PAIRED_ANTS
com.ridelogger.R$string: int PREF_PHONE_HOME
com.ridelogger.R$string: int PREF_PHONE_HOME_PERIOD
com.ridelogger.R$string: int PREF_RIDER_NAME
com.ridelogger.R$string: int PREF_TRACKING_IMPERIAL_UNITS
com.ridelogger.R$string: int PREF_TRACKING_SENSORS
com.ridelogger.R$string: int PREF_TRACKING_SIZE
com.ridelogger.R$string: int PREF_WHEEL_SIZE
com.ridelogger.R$string: int ant_pair_dialog_button_note
com.ridelogger.R$string: int ant_pair_dialog_title
com.ridelogger.R$string: int ant_setup_note
com.ridelogger.R$string: int ant_setup_title
com.ridelogger.R$string: int app_name
com.ridelogger.R$string: int boolean_dialog_no
com.ridelogger.R$string: int boolean_dialog_yes
com.ridelogger.R$string: int building_ride
com.ridelogger.R$string: int click_to_stop
com.ridelogger.R$string: int crash_confirm
com.ridelogger.R$string: int crash_detection_dialog_note
com.ridelogger.R$string: int crash_detection_dialog_title
com.ridelogger.R$string: int crash_magnitude
com.ridelogger.R$string: int crash_unknow_location
com.ridelogger.R$string: int crash_warning
com.ridelogger.R$string: int edit_settings
com.ridelogger.R$string: int emergency_contact_dialog_note
com.ridelogger.R$string: int emergency_contact_dialog_title
com.ridelogger.R$string: int emergency_contact_number_dialog_note
com.ridelogger.R$xml: int ant_settings
com.ridelogger.R$xml: int general_settings
com.ridelogger.R$xml: int sensors_settings
com.ridelogger.RideService
com.ridelogger.RideService: RideService()
com.ridelogger.SettingsActivity
com.ridelogger.SettingsActivity: SettingsActivity()
com.ridelogger.SettingsActivity$AntFragment
com.ridelogger.SettingsActivity$GeneralFragment
com.ridelogger.SettingsActivity$SensorsFragment
com.ridelogger.StartActivity
com.ridelogger.StartActivity: StartActivity()
...
android.support.v4.app.BackStackState
android.support.v4.app.BackStackState: android.os.Parcelable$Creator CREATOR
android.support.v4.app.Fragment$SavedState
android.support.v4.app.Fragment$SavedState: android.os.Parcelable$Creator CREATOR
android.support.v4.app.FragmentActivity: FragmentActivity()
android.support.v4.app.FragmentManagerState
android.support.v4.app.FragmentManagerState: android.os.Parcelable$Creator CREATOR
android.support.v4.app.FragmentState
android.support.v4.app.FragmentState: android.os.Parcelable$Creator CREATOR
android.support.v4.app.FragmentTabHost: void setOnTabChangedListener(android.widget.TabHost$OnTabChangeListener)
android.support.v4.app.FragmentTabHost$SavedState
android.support.v4.app.FragmentTabHost$SavedState: android.os.Parcelable$Creator CREATOR
android.support.v4.content.ModernAsyncTask$Status: android.support.v4.content.ModernAsyncTask$Status[] values()
android.support.v4.content.ModernAsyncTask$Status: android.support.v4.content.ModernAsyncTask$Status valueOf(java.lang.String)
android.support.v4.media.MediaDescriptionCompat
android.support.v4.media.MediaDescriptionCompat: android.os.Parcelable$Creator CREATOR
android.support.v4.media.MediaMetadataCompat
android.support.v4.media.MediaMetadataCompat: android.os.Parcelable$Creator CREATOR
android.support.v4.media.RatingCompat
android.support.v4.media.RatingCompat: android.os.Parcelable$Creator CREATOR
android.support.v4.media.session.MediaSessionCompat$QueueItem
android.support.v4.media.session.MediaSessionCompat$QueueItem: android.os.Parcelable$Creator CREATOR
android.support.v4.media.session.MediaSessionCompat$ResultReceiverWrapper
android.support.v4.media.session.MediaSessionCompat$ResultReceiverWrapper: android.os.Parcelable$Creator CREATOR
android.support.v4.media.session.MediaSessionCompat$Token
android.support.v4.media.session.MediaSessionCompat$Token: android.os.Parcelable$Creator CREATOR
android.support.v4.media.session.ParcelableVolumeInfo
android.support.v4.media.session.ParcelableVolumeInfo: android.os.Parcelable$Creator CREATOR
android.support.v4.media.session.PlaybackStateCompat
android.support.v4.media.session.PlaybackStateCompat: android.os.Parcelable$Creator CREATOR
android.support.v4.media.session.PlaybackStateCompat$CustomAction
android.support.v4.media.session.PlaybackStateCompat$CustomAction: android.os.Parcelable$Creator CREATOR
android.support.v4.view.PagerTabStrip: void setTabIndicatorColor(int)
android.support.v4.view.PagerTabStrip: void setTabIndicatorColorResource(int)
android.support.v4.view.PagerTabStrip: int getTabIndicatorColor()
android.support.v4.view.PagerTabStrip: void setTextSpacing(int)
android.support.v4.view.PagerTabStrip: void setBackgroundDrawable(android.graphics.drawable.Drawable)
android.support.v4.view.PagerTabStrip: void setBackgroundColor(int)
android.support.v4.view.PagerTabStrip: void setBackgroundResource(int)
android.support.v4.view.PagerTabStrip: void setDrawFullUnderline(boolean)
android.support.v4.view.PagerTabStrip: boolean getDrawFullUnderline()
android.support.v4.view.PagerTabStrip: int getMinHeight()
android.support.v4.view.PagerTitleStrip: void setSingleLineAllCaps(android.widget.TextView)
android.support.v4.view.PagerTitleStrip: void setTextSpacing(int)
android.support.v4.view.PagerTitleStrip: int getTextSpacing()
android.support.v4.view.PagerTitleStrip: void setNonPrimaryAlpha(float)
android.support.v4.view.PagerTitleStrip: void setTextColor(int)
android.support.v4.view.PagerTitleStrip: void setGravity(int)
android.support.v4.view.PagerTitleStrip: int getMinHeight()