contrib/RideLogger/app/build/outputs/mapping/release/mapping.txt
com.ridelogger.CurrentValuesAdapter -> com.ridelogger.a:
    com.ridelogger.StartActivity context -> a
    int[] keys -> b
    java.lang.String[] values -> c
    java.lang.String[] keyLabels -> d
    int size -> e
    boolean imperial -> f
    android.widget.GridView layout -> g
    void initKeys(java.util.Set) -> a
    void initKeyLables() -> a
    void initValues() -> b
    android.widget.RelativeLayout newRelativeLayout(int) -> a
    android.widget.TextView newValueTv(int) -> b
    android.widget.TextView newKeyTv(int) -> c
    int getCount() -> getCount
    java.lang.Object getItem(int) -> getItem
    long getItemId(int) -> getItemId
    android.view.View getView(int,android.view.View,android.view.ViewGroup) -> getView
    void update(float[]) -> a
    void setupWidth() -> c
    com.ridelogger.StartActivity access$000(com.ridelogger.CurrentValuesAdapter) -> a
    int access$102(com.ridelogger.CurrentValuesAdapter,int) -> a
    void access$200(com.ridelogger.CurrentValuesAdapter) -> b
    void access$300(com.ridelogger.CurrentValuesAdapter,java.util.Set) -> a
    void access$400(com.ridelogger.CurrentValuesAdapter) -> c
    void access$500(com.ridelogger.CurrentValuesAdapter) -> d
    android.widget.GridView access$600(com.ridelogger.CurrentValuesAdapter) -> e
    boolean access$702(com.ridelogger.CurrentValuesAdapter,boolean) -> a
com.ridelogger.CurrentValuesAdapter$1 -> com.ridelogger.b:
    com.ridelogger.CurrentValuesAdapter this$0 -> a
    void onSharedPreferenceChanged(android.content.SharedPreferences,java.lang.String) -> onSharedPreferenceChanged
com.ridelogger.GzipWriter -> com.ridelogger.c:
    void write(java.lang.String) -> a
    void write(float) -> a
    void write(java.lang.CharSequence) -> a
com.ridelogger.RideService -> com.ridelogger.RideService:
    java.lang.CharSequence[] KEYS -> a
    long startTime -> b
    float[] currentValues -> c
    android.os.Messenger mMessenger -> e
    boolean rideStarted -> f
    int sensor_index -> g
    java.lang.String emergencyNumbuer -> h
    java.util.Timer timer -> i
    java.util.Timer timerUI -> j
    com.ridelogger.listners.Base[] sensors -> k
    com.ridelogger.formats.BaseFormat fileFormat -> d
    int onStartCommand(android.content.Intent,int,int) -> onStartCommand
    android.os.IBinder onBind(android.content.Intent) -> onBind
    boolean onUnbind(android.content.Intent) -> onUnbind
    void onDestroy() -> onDestroy
    void startRide() -> c
    void phoneCrash(double) -> a
    void phoneCrashConfirm() -> a
    void phoneStart() -> d
    void phoneStop() -> e
    void smsWithLocation(java.lang.String) -> a
    void phoneHome() -> b
    void smsHome(java.lang.String) -> b
    java.lang.String getLocationLink() -> f
    void stopRide() -> g
    java.util.Timer access$000(com.ridelogger.RideService) -> a
    java.util.Timer access$002(com.ridelogger.RideService,java.util.Timer) -> a
com.ridelogger.RideService$1 -> com.ridelogger.d:
    android.os.Messenger replyTo -> a
    com.ridelogger.RideService this$0 -> b
    void handleMessage(android.os.Message) -> handleMessage
com.ridelogger.RideService$1$1 -> com.ridelogger.e:
    com.ridelogger.RideService$1 this$1 -> a
    void run() -> run
com.ridelogger.RideService$2 -> com.ridelogger.f:
    com.ridelogger.RideService this$0 -> a
    void run() -> run
com.ridelogger.RideService$3 -> com.ridelogger.g:
    int[] $SwitchMap$com$dsi$ant$plugins$antplus$pcc$defines$DeviceType -> a
com.ridelogger.SettingsActivity -> com.ridelogger.SettingsActivity:
    java.util.ArrayList foundDevices -> a
    boolean isValidFragment(java.lang.String) -> isValidFragment
    void onBuildHeaders(java.util.List) -> onBuildHeaders
    android.app.ActivityManager$RunningServiceInfo getServiceRunning(java.lang.Class) -> a
    android.app.ActivityManager$RunningServiceInfo access$000(com.ridelogger.SettingsActivity,java.lang.Class) -> a
    java.util.ArrayList access$200() -> a
...
com.dsi.ant.plugins.antplus.pcc.AntPlusBikePowerPcc$AutoZeroStatus -> com.dsi.ant.plugins.antplus.pcc.e:
    com.dsi.ant.plugins.antplus.pcc.AntPlusBikePowerPcc$AutoZeroStatus OFF -> a
    com.dsi.ant.plugins.antplus.pcc.AntPlusBikePowerPcc$AutoZeroStatus ON -> b
    com.dsi.ant.plugins.antplus.pcc.AntPlusBikePowerPcc$AutoZeroStatus NOT_SUPPORTED -> c
    com.dsi.ant.plugins.antplus.pcc.AntPlusBikePowerPcc$AutoZeroStatus INVALID -> d
    com.dsi.ant.plugins.antplus.pcc.AntPlusBikePowerPcc$AutoZeroStatus UNKNOWN -> e
    com.dsi.ant.plugins.antplus.pcc.AntPlusBikePowerPcc$AutoZeroStatus UNRECOGNIZED -> f
    int intValue -> g
    com.dsi.ant.plugins.antplus.pcc.AntPlusBikePowerPcc$AutoZeroStatus[] $VALUES -> h
    com.dsi.ant.plugins.antplus.pcc.AntPlusBikePowerPcc$AutoZeroStatus[] values() -> values
    com.dsi.ant.plugins.antplus.pcc.AntPlusBikePowerPcc$AutoZeroStatus valueOf(java.lang.String) -> valueOf
    int getIntValue() -> a
    com.dsi.ant.plugins.antplus.pcc.AntPlusBikePowerPcc$AutoZeroStatus getValueFromInt(int) -> a
com.dsi.ant.plugins.antplus.pcc.AntPlusBikePowerPcc$CalculatedWheelDistanceReceiver -> com.dsi.ant.plugins.antplus.pcc.f:
    java.math.BigDecimal wheelCircumference -> a
    java.math.BigDecimal initialDistanceZeroVal -> b
    void onNewCalculatedWheelDistance(long,java.util.EnumSet,com.dsi.ant.plugins.antplus.pcc.AntPlusBikePowerPcc$DataSource,java.math.BigDecimal) -> a
    void onNewRawCalculatedWheelDistance(long,java.util.EnumSet,com.dsi.ant.plugins.antplus.pcc.AntPlusBikePowerPcc$DataSource,java.math.BigDecimal) -> b
    void access$600(com.dsi.ant.plugins.antplus.pcc.AntPlusBikePowerPcc$CalculatedWheelDistanceReceiver,long,java.util.EnumSet,com.dsi.ant.plugins.antplus.pcc.AntPlusBikePowerPcc$DataSource,java.math.BigDecimal) -> a
com.dsi.ant.plugins.antplus.pcc.AntPlusBikePowerPcc$CalculatedWheelSpeedReceiver -> com.dsi.ant.plugins.antplus.pcc.g:
    java.math.BigDecimal wheelCircumference -> a
    void onNewCalculatedWheelSpeed(long,java.util.EnumSet,com.dsi.ant.plugins.antplus.pcc.AntPlusBikePowerPcc$DataSource,java.math.BigDecimal) -> a
    void onNewRawCalculatedWheelSpeed(long,java.util.EnumSet,com.dsi.ant.plugins.antplus.pcc.AntPlusBikePowerPcc$DataSource,java.math.BigDecimal) -> b
    void access$500(com.dsi.ant.plugins.antplus.pcc.AntPlusBikePowerPcc$CalculatedWheelSpeedReceiver,long,java.util.EnumSet,com.dsi.ant.plugins.antplus.pcc.AntPlusBikePowerPcc$DataSource,java.math.BigDecimal) -> a
com.dsi.ant.plugins.antplus.pcc.AntPlusBikePowerPcc$CalibrationId -> com.dsi.ant.plugins.antplus.pcc.h:
    com.dsi.ant.plugins.antplus.pcc.AntPlusBikePowerPcc$CalibrationId GENERAL_CALIBRATION_SUCCESS -> a
    com.dsi.ant.plugins.antplus.pcc.AntPlusBikePowerPcc$CalibrationId GENERAL_CALIBRATION_FAIL -> b
    com.dsi.ant.plugins.antplus.pcc.AntPlusBikePowerPcc$CalibrationId CTF_MESSAGE -> c
    com.dsi.ant.plugins.antplus.pcc.AntPlusBikePowerPcc$CalibrationId CTF_ZERO_OFFSET -> d
    com.dsi.ant.plugins.antplus.pcc.AntPlusBikePowerPcc$CalibrationId CTF_SLOPE_ACK -> e
    com.dsi.ant.plugins.antplus.pcc.AntPlusBikePowerPcc$CalibrationId CTF_SERIAL_NUMBER_ACK -> f
    com.dsi.ant.plugins.antplus.pcc.AntPlusBikePowerPcc$CalibrationId CAPABILITIES -> g
    com.dsi.ant.plugins.antplus.pcc.AntPlusBikePowerPcc$CalibrationId CUSTOM_CALIBRATION_RESPONSE -> h
    com.dsi.ant.plugins.antplus.pcc.AntPlusBikePowerPcc$CalibrationId CUSTOM_CALIBRATION_UPDATE_SUCCESS -> i
    com.dsi.ant.plugins.antplus.pcc.AntPlusBikePowerPcc$CalibrationId INVALID -> j
    com.dsi.ant.plugins.antplus.pcc.AntPlusBikePowerPcc$CalibrationId UNRECOGNIZED -> k
    int intValue -> l
    com.dsi.ant.plugins.antplus.pcc.AntPlusBikePowerPcc$CalibrationId[] $VALUES -> m
    com.dsi.ant.plugins.antplus.pcc.AntPlusBikePowerPcc$CalibrationId[] values() -> values
    com.dsi.ant.plugins.antplus.pcc.AntPlusBikePowerPcc$CalibrationId valueOf(java.lang.String) -> valueOf
    int getIntValue() -> a