contrib/RideLogger/app/build/outputs/mapping/release/usage.txt
com.ridelogger.BuildConfig
com.ridelogger.Db
com.ridelogger.R
com.ridelogger.R$attr
com.ridelogger.R$drawable
com.ridelogger.R$id
com.ridelogger.R$layout
com.ridelogger.R$menu
com.ridelogger.R$string
com.ridelogger.R$xml
com.ridelogger.RideService:
    private static final int notifyID
    public static final int SECS
    public static final int KPH
    public static final int ALTITUDE
    public static final int bearing
    public static final int gpsa
    public static final int LAT
    public static final int LON
    public static final int HR
    public static final int WATTS
    public static final int NM
    public static final int CAD
    public static final int KM
    public static final int LTE
    public static final int RTE
    public static final int SNPLC
    public static final int SNPR
    public static final int ms2x
    public static final int ms2y
    public static final int ms2z
    public static final int temp
    public static final int uTx
    public static final int uTy
    public static final int uTz
    public static final int press
    public static final int lux
    public android.database.sqlite.SQLiteDatabase db
    public com.ridelogger.GzipWriter buf
com.ridelogger.listners.Ant:
    public com.dsi.ant.plugins.antplus.pccbase.AntPluginPcc$IPluginAccessResultReceiver mResultReceiver
com.ridelogger.listners.Base:
    67:68:public void onUpgrade(int,int)
    71:72:public void onDowngrade(int,int)
    76:103:protected void executeSQLScript(java.lang.String)
com.ridelogger.listners.Sensors:
    private static final double CRASHMAGNITUDE
...
android.support.v4.widget.MaterialProgressDrawable
android.support.v4.widget.MaterialProgressDrawable$1
android.support.v4.widget.MaterialProgressDrawable$2
android.support.v4.widget.MaterialProgressDrawable$3
android.support.v4.widget.MaterialProgressDrawable$ProgressDrawableSize
android.support.v4.widget.MaterialProgressDrawable$Ring
android.support.v4.widget.NestedScrollView:
    static final int ANIMATED_SCROLL_GAP
    static final float MAX_SCROLL_FACTOR
    private static final java.lang.String TAG
    private static final int INVALID_POINTER
    157:158:public NestedScrollView(android.content.Context)
    161:162:public NestedScrollView(android.content.Context,android.util.AttributeSet)
    73:182:public NestedScrollView(android.content.Context,android.util.AttributeSet,int)
    332:340:private void initScrollView()
    398:398:public boolean isFillViewport()
    421:421:public boolean isSmoothScrollingEnabled()
android.support.v4.widget.PopupMenuCompat
android.support.v4.widget.PopupMenuCompat$BasePopupMenuImpl
android.support.v4.widget.PopupMenuCompat$KitKatPopupMenuImpl
android.support.v4.widget.PopupMenuCompat$PopupMenuImpl
android.support.v4.widget.PopupMenuCompatKitKat
android.support.v4.widget.PopupWindowCompat
android.support.v4.widget.PopupWindowCompat$BasePopupWindowImpl
android.support.v4.widget.PopupWindowCompat$KitKatPopupWindowImpl
android.support.v4.widget.PopupWindowCompat$PopupWindowImpl
android.support.v4.widget.PopupWindowCompatKitKat
android.support.v4.widget.ResourceCursorAdapter
android.support.v4.widget.ScrollerCompat:
    private static final java.lang.String TAG
    static final int CHASE_FRAME_TIME
    246:246:public static android.support.v4.widget.ScrollerCompat create(android.content.Context)
    250:250:public static android.support.v4.widget.ScrollerCompat create(android.content.Context,android.view.animation.Interpolator)
    254:256:ScrollerCompat(android.content.Context,android.view.animation.Interpolator)
    262:271:private ScrollerCompat(int,android.content.Context,android.view.animation.Interpolator)
    393:394:public void fling(int,int,int,int,int,int,int,int)
    448:449:public void notifyHorizontalEdgeReached(int,int,int)
    465:466:public void notifyVerticalEdgeReached(int,int,int)
    482:482:public boolean isOverScrolled()
android.support.v4.widget.ScrollerCompat$ScrollerCompatImpl:
    public abstract java.lang.Object createScroller(android.content.Context,android.view.animation.Interpolator)
    public abstract void fling(java.lang.Object,int,int,int,int,int,int,int,int)
    public abstract void notifyHorizontalEdgeReached(java.lang.Object,int,int,int)
    public abstract void notifyVerticalEdgeReached(java.lang.Object,int,int,int)
    public abstract boolean isOverScrolled(java.lang.Object)
android.support.v4.widget.ScrollerCompat$ScrollerCompatImplBase
android.support.v4.widget.ScrollerCompat$ScrollerCompatImplGingerbread
android.support.v4.widget.ScrollerCompat$ScrollerCompatImplIcs
android.support.v4.widget.ScrollerCompatGingerbread
android.support.v4.widget.ScrollerCompatIcs
android.support.v4.widget.SearchViewCompat
android.support.v4.widget.SearchViewCompat$OnCloseListenerCompat
android.support.v4.widget.SearchViewCompat$OnQueryTextListenerCompat
android.support.v4.widget.SearchViewCompat$SearchViewCompatHoneycombImpl
android.support.v4.widget.SearchViewCompat$SearchViewCompatHoneycombImpl$1
android.support.v4.widget.SearchViewCompat$SearchViewCompatHoneycombImpl$2
android.support.v4.widget.SearchViewCompat$SearchViewCompatIcsImpl
android.support.v4.widget.SearchViewCompat$SearchViewCompatImpl
android.support.v4.widget.SearchViewCompat$SearchViewCompatStubImpl
android.support.v4.widget.SearchViewCompatHoneycomb
android.support.v4.widget.SearchViewCompatHoneycomb$1
android.support.v4.widget.SearchViewCompatHoneycomb$2
android.support.v4.widget.SearchViewCompatHoneycomb$OnCloseListenerCompatBridge